app/build/intermediates/manifest_merge_blame_file/debug/manifest-merger-blame-debug-report.txt
1<?xml version="1.0" encoding="utf-8"?>
2<manifest xmlns:android="http://schemas.android.com/apk/res/android"
3    package="net.devatom.androcontact"
4    android:versionCode="1"
5    android:versionName="1.0" >
6
7    <uses-sdk
8        android:minSdkVersion="26"
8-->src/main/AndroidManifest.xml
9        android:targetSdkVersion="28" />
9-->src/main/AndroidManifest.xml
10
11    <uses-permission android:name="android.permission.CALL_PHONE" />
11-->src/main/AndroidManifest.xml:5:5-69
11-->src/main/AndroidManifest.xml:5:22-66
12    <uses-permission android:name="android.permission.SEND_SMS" />
12-->src/main/AndroidManifest.xml:6:5-67
12-->src/main/AndroidManifest.xml:6:22-64
13    <uses-permission android:name="android.permission.CAMERA" />
13-->src/main/AndroidManifest.xml:7:5-65
13-->src/main/AndroidManifest.xml:7:22-62
14    <uses-permission android:name="android.permission.READ_EXTERNAL_STORAGE" />
14-->src/main/AndroidManifest.xml:8:5-80
14-->src/main/AndroidManifest.xml:8:22-77
15    <uses-permission android:name="android.permission.WRITE_EXTERNAL_STORAGE" />
15-->src/main/AndroidManifest.xml:9:5-81
15-->src/main/AndroidManifest.xml:9:22-78
16
17    <application
17-->src/main/AndroidManifest.xml:11:5-50:19
18        android:allowBackup="true"
18-->src/main/AndroidManifest.xml:12:9-35
19        android:debuggable="true"
20        android:icon="@mipmap/ic_launcher"
20-->src/main/AndroidManifest.xml:13:9-43
21        android:label="@string/app_name"
21-->src/main/AndroidManifest.xml:14:9-41
22        android:roundIcon="@mipmap/ic_launcher_round"
22-->src/main/AndroidManifest.xml:15:9-54
23        android:supportsRtl="true"
23-->src/main/AndroidManifest.xml:16:9-35
24        android:testOnly="true"
25        android:theme="@style/AppTheme" >
25-->src/main/AndroidManifest.xml:17:9-40
26        <activity android:name="net.devatom.androcontact.MainActivity" >
26-->src/main/AndroidManifest.xml:18:9-33:20
26-->src/main/AndroidManifest.xml:18:19-47
27            <intent-filter>
27-->src/main/AndroidManifest.xml:19:13-32:29
28                <action android:name="android.intent.action.MAIN" />
28-->src/main/AndroidManifest.xml:20:17-69
28-->src/main/AndroidManifest.xml:20:25-66
29
30                <category android:name="android.intent.category.LAUNCHER" />
30-->src/main/AndroidManifest.xml:22:17-77
30-->src/main/AndroidManifest.xml:22:27-74
31
32                <action android:name="android.intent.action.VIEW" />
32-->src/main/AndroidManifest.xml:24:17-69
32-->src/main/AndroidManifest.xml:24:25-66
33
34                <category android:name="android.intent.category.DEFAULT" />
34-->src/main/AndroidManifest.xml:26:17-76
34-->src/main/AndroidManifest.xml:26:27-73
35                <category android:name="android.intent.category.BROWSABLE" />
35-->src/main/AndroidManifest.xml:27:17-78
35-->src/main/AndroidManifest.xml:27:27-75
36
37                <data
37-->src/main/AndroidManifest.xml:29:17-31:45
38                    android:host="androcontact.devatom.net"
38-->src/main/AndroidManifest.xml:30:21-60
39                    android:scheme="http" />
39-->src/main/AndroidManifest.xml:31:21-42
40            </intent-filter>
41        </activity>
42        <activity
42-->src/main/AndroidManifest.xml:34:9-41:20
43            android:name="net.devatom.androcontact.ListeActivity"
43-->src/main/AndroidManifest.xml:35:13-42
44            android:label="@string/title_activity_liste"
44-->src/main/AndroidManifest.xml:36:13-57
45            android:parentActivityName="net.devatom.androcontact.MainActivity" >
45-->src/main/AndroidManifest.xml:37:13-55
46            <meta-data
46-->src/main/AndroidManifest.xml:38:13-40:73
47                android:name="android.support.PARENT_ACTIVITY"
47-->src/main/AndroidManifest.xml:39:17-63
48                android:value="net.devatom.androcontact.MainActivity" />
48-->src/main/AndroidManifest.xml:40:17-70
49        </activity>
50        <activity
50-->src/main/AndroidManifest.xml:42:9-49:20
51            android:name="net.devatom.androcontact.FormActivity"
51-->src/main/AndroidManifest.xml:43:13-41
52            android:label="@string/title_activity_form"
52-->src/main/AndroidManifest.xml:44:13-56
53            android:parentActivityName="net.devatom.androcontact.MainActivity" >
53-->src/main/AndroidManifest.xml:45:13-55
54            <meta-data
54-->src/main/AndroidManifest.xml:38:13-40:73
55                android:name="android.support.PARENT_ACTIVITY"
55-->src/main/AndroidManifest.xml:39:17-63
56                android:value="net.devatom.androcontact.MainActivity" />
56-->src/main/AndroidManifest.xml:40:17-70
57        </activity>
58    </application>
59
60</manifest>